\BOOKMARK [1][-]{section.1}{Name, Sitz und Bestand}{}% 1
\BOOKMARK [1][-]{section.2}{Zweck}{}% 2
\BOOKMARK [1][-]{section.3}{Mitgliedschaft}{}% 3
\BOOKMARK [2][-]{subsection.3.1}{Aufnahme}{section.3}% 4
\BOOKMARK [2][-]{subsection.3.2}{Erl\366schen der Mitgliedschaft}{section.3}% 5
\BOOKMARK [2][-]{subsection.3.3}{Ausschluss}{section.3}% 6
\BOOKMARK [2][-]{subsection.3.4}{Aktivmitglieder}{section.3}% 7
\BOOKMARK [2][-]{subsection.3.5}{Passivmitglieder}{section.3}% 8
\BOOKMARK [2][-]{subsection.3.6}{Ehrenmitglieder}{section.3}% 9
\BOOKMARK [2][-]{subsection.3.7}{G\366nner}{section.3}% 10
\BOOKMARK [1][-]{section.4}{Organe}{}% 11
\BOOKMARK [2][-]{subsection.4.1}{Mitgliederversammlung}{section.4}% 12
\BOOKMARK [2][-]{subsection.4.2}{Vorstand}{section.4}% 13
\BOOKMARK [1][-]{section.5}{Finanzen}{}% 14
\BOOKMARK [2][-]{subsection.5.1}{Unterschrift}{section.5}% 15
\BOOKMARK [2][-]{subsection.5.2}{Rechnungswesen}{section.5}% 16
\BOOKMARK [2][-]{subsection.5.3}{Mitgliederbeitr\344ge}{section.5}% 17
\BOOKMARK [2][-]{subsection.5.4}{Haftung}{section.5}% 18
\BOOKMARK [2][-]{subsection.5.5}{Vereinsverm\366gen}{section.5}% 19
\BOOKMARK [1][-]{section.6}{Statuten}{}% 20
\BOOKMARK [1][-]{section.7}{Aufl\366sung des Vereins}{}% 21
\BOOKMARK [1][-]{section.8}{Schlussbestimmungen}{}% 22
\BOOKMARK [1][-]{section.9}{Inkrafttreten}{}% 23
